{"D:\\React Js\\Namaste React\\Cousre Code\\src\\components\\Body.js": {"path":"D:\\React Js\\Namaste React\\Cousre Code\\src\\components\\Body.js","statementMap":{"0":{"start":{"line":25,"column":13},"end":{"line":147,"column":1}},"1":{"start":{"line":26,"column":46},"end":{"line":26,"column":58}},"2":{"start":{"line":27,"column":56},"end":{"line":27,"column":68}},"3":{"start":{"line":29,"column":38},"end":{"line":29,"column":50}},"4":{"start":{"line":30,"column":28},"end":{"line":30,"column":51}},"5":{"start":{"line":37,"column":2},"end":{"line":40,"column":9}},"6":{"start":{"line":39,"column":4},"end":{"line":39,"column":21}},"7":{"start":{"line":43,"column":17},"end":{"line":45,"column":5}},"8":{"start":{"line":49,"column":17},"end":{"line":49,"column":34}},"9":{"start":{"line":63,"column":4},"end":{"line":80,"column":5}},"10":{"start":{"line":70,"column":6},"end":{"line":73,"column":8}},"11":{"start":{"line":74,"column":6},"end":{"line":76,"column":8}},"12":{"start":{"line":78,"column":6},"end":{"line":78,"column":41}},"13":{"start":{"line":79,"column":6},"end":{"line":79,"column":46}},"14":{"start":{"line":89,"column":17},"end":{"line":89,"column":28}},"15":{"start":{"line":90,"column":2},"end":{"line":91,"column":73}},"16":{"start":{"line":91,"column":4},"end":{"line":91,"column":73}},"17":{"start":{"line":93,"column":2},"end":{"line":93,"column":35}},"18":{"start":{"line":93,"column":23},"end":{"line":93,"column":35}},"19":{"start":{"line":97,"column":2},"end":{"line":146,"column":4}},"20":{"start":{"line":107,"column":27},"end":{"line":107,"column":56}},"21":{"start":{"line":115,"column":25},"end":{"line":115,"column":63}},"22":{"start":{"line":117,"column":12},"end":{"line":117,"column":41}},"23":{"start":{"line":125,"column":27},"end":{"line":125,"column":78}},"24":{"start":{"line":133,"column":12},"end":{"line":133,"column":36}},"25":{"start":{"line":134,"column":12},"end":{"line":141,"column":14}}},"fnMap":{"0":{"name":"(anonymous_0)","decl":{"start":{"line":25,"column":13},"end":{"line":25,"column":14}},"loc":{"start":{"line":25,"column":19},"end":{"line":147,"column":1}},"line":25},"1":{"name":"(anonymous_1)","decl":{"start":{"line":37,"column":12},"end":{"line":37,"column":13}},"loc":{"start":{"line":37,"column":18},"end":{"line":40,"column":3}},"line":37},"2":{"name":"getRestaurants","decl":{"start":{"line":42,"column":17},"end":{"line":42,"column":31}},"loc":{"start":{"line":42,"column":34},"end":{"line":81,"column":3}},"line":42},"3":{"name":"(anonymous_3)","decl":{"start":{"line":107,"column":20},"end":{"line":107,"column":21}},"loc":{"start":{"line":107,"column":27},"end":{"line":107,"column":56}},"line":107},"4":{"name":"(anonymous_4)","decl":{"start":{"line":112,"column":19},"end":{"line":112,"column":20}},"loc":{"start":{"line":112,"column":25},"end":{"line":118,"column":11}},"line":112},"5":{"name":"(anonymous_5)","decl":{"start":{"line":125,"column":20},"end":{"line":125,"column":21}},"loc":{"start":{"line":125,"column":27},"end":{"line":125,"column":78}},"line":125},"6":{"name":"(anonymous_6)","decl":{"start":{"line":132,"column":34},"end":{"line":132,"column":35}},"loc":{"start":{"line":132,"column":50},"end":{"line":142,"column":11}},"line":132}},"branchMap":{"0":{"loc":{"start":{"line":63,"column":4},"end":{"line":80,"column":5}},"type":"if","locations":[{"start":{"line":63,"column":4},"end":{"line":80,"column":5}},{"start":{"line":77,"column":11},"end":{"line":80,"column":5}}],"line":63},"1":{"loc":{"start":{"line":90,"column":2},"end":{"line":91,"column":73}},"type":"if","locations":[{"start":{"line":90,"column":2},"end":{"line":91,"column":73}},{"start":{},"end":{}}],"line":90},"2":{"loc":{"start":{"line":93,"column":2},"end":{"line":93,"column":35}},"type":"if","locations":[{"start":{"line":93,"column":2},"end":{"line":93,"column":35}},{"start":{},"end":{}}],"line":93},"3":{"loc":{"start":{"line":97,"column":9},"end":{"line":146,"column":3}},"type":"cond-expr","locations":[{"start":{"line":98,"column":4},"end":{"line":98,"column":15}},{"start":{"line":100,"column":4},"end":{"line":145,"column":7}}],"line":97},"4":{"loc":{"start":{"line":129,"column":9},"end":{"line":143,"column":9}},"type":"cond-expr","locations":[{"start":{"line":130,"column":10},"end":{"line":130,"column":39}},{"start":{"line":132,"column":10},"end":{"line":142,"column":12}}],"line":129}},"s":{"0":1,"1":2,"2":1,"3":1,"4":1,"5":1,"6":1,"7":1,"8":1,"9":1,"10":0,"11":0,"12":1,"13":1,"14":1,"15":1,"16":0,"17":1,"18":0,"19":1,"20":0,"21":0,"22":0,"23":0,"24":0,"25":0},"f":{"0":2,"1":1,"2":1,"3":0,"4":0,"5":0,"6":0},"b":{"0":[0,1],"1":[0,1],"2":[0,1],"3":[1,0],"4":[0,0]},"_coverageSchema":"1a1c01bbd47fc00a2c39e90264f33305004495a9","hash":"45206ec8230d628bb8e4a6c7091de8647aa03fff"}
,"D:\\React Js\\Namaste React\\Cousre Code\\src\\components\\Header.js": {"path":"D:\\React Js\\Namaste React\\Cousre Code\\src\\components\\Header.js","statementMap":{"0":{"start":{"line":12,"column":14},"end":{"line":21,"column":1}},"1":{"start":{"line":13,"column":2},"end":{"line":20,"column":6}},"2":{"start":{"line":23,"column":15},"end":{"line":77,"column":1}},"3":{"start":{"line":24,"column":38},"end":{"line":24,"column":53}},"4":{"start":{"line":25,"column":19},"end":{"line":25,"column":42}},"5":{"start":{"line":27,"column":20},"end":{"line":27,"column":60}},"6":{"start":{"line":27,"column":43},"end":{"line":27,"column":59}},"7":{"start":{"line":29,"column":2},"end":{"line":76,"column":4}},"8":{"start":{"line":61,"column":29},"end":{"line":61,"column":49}},"9":{"start":{"line":69,"column":27},"end":{"line":69,"column":46}}},"fnMap":{"0":{"name":"(anonymous_0)","decl":{"start":{"line":12,"column":14},"end":{"line":12,"column":15}},"loc":{"start":{"line":13,"column":2},"end":{"line":20,"column":6}},"line":13},"1":{"name":"(anonymous_1)","decl":{"start":{"line":23,"column":15},"end":{"line":23,"column":16}},"loc":{"start":{"line":23,"column":21},"end":{"line":77,"column":1}},"line":23},"2":{"name":"(anonymous_2)","decl":{"start":{"line":27,"column":32},"end":{"line":27,"column":33}},"loc":{"start":{"line":27,"column":43},"end":{"line":27,"column":59}},"line":27},"3":{"name":"(anonymous_3)","decl":{"start":{"line":61,"column":23},"end":{"line":61,"column":24}},"loc":{"start":{"line":61,"column":29},"end":{"line":61,"column":49}},"line":61},"4":{"name":"(anonymous_4)","decl":{"start":{"line":69,"column":21},"end":{"line":69,"column":22}},"loc":{"start":{"line":69,"column":27},"end":{"line":69,"column":46}},"line":69}},"branchMap":{"0":{"loc":{"start":{"line":57,"column":9},"end":{"line":73,"column":9}},"type":"cond-expr","locations":[{"start":{"line":58,"column":10},"end":{"line":65,"column":13}},{"start":{"line":67,"column":10},"end":{"line":72,"column":19}}],"line":57}},"s":{"0":1,"1":2,"2":1,"3":2,"4":2,"5":2,"6":4,"7":2,"8":0,"9":0},"f":{"0":2,"1":2,"2":4,"3":0,"4":0},"b":{"0":[0,2]},"_coverageSchema":"1a1c01bbd47fc00a2c39e90264f33305004495a9","hash":"a9a8d3bcf730ff983ec7b6eaa373e66403dcd979"}
,"D:\\React Js\\Namaste React\\Cousre Code\\src\\components\\RestaurantCard.js": {"path":"D:\\React Js\\Namaste React\\Cousre Code\\src\\components\\RestaurantCard.js","statementMap":{"0":{"start":{"line":4,"column":23},"end":{"line":26,"column":1}},"1":{"start":{"line":11,"column":2},"end":{"line":25,"column":4}}},"fnMap":{"0":{"name":"(anonymous_0)","decl":{"start":{"line":4,"column":23},"end":{"line":4,"column":24}},"loc":{"start":{"line":10,"column":6},"end":{"line":26,"column":1}},"line":10}},"branchMap":{"0":{"loc":{"start":{"line":22,"column":11},"end":{"line":22,"column":49}},"type":"cond-expr","locations":[{"start":{"line":22,"column":32},"end":{"line":22,"column":37}},{"start":{"line":22,"column":40},"end":{"line":22,"column":49}}],"line":22}},"s":{"0":1,"1":0},"f":{"0":0},"b":{"0":[0,0]},"_coverageSchema":"1a1c01bbd47fc00a2c39e90264f33305004495a9","hash":"313705e7244aa3032b58048663e95364768c5d50"}
,"D:\\React Js\\Namaste React\\Cousre Code\\src\\components\\shimmer.js": {"path":"D:\\React Js\\Namaste React\\Cousre Code\\src\\components\\shimmer.js","statementMap":{"0":{"start":{"line":1,"column":23},"end":{"line":13,"column":1}},"1":{"start":{"line":2,"column":2},"end":{"line":12,"column":7}},"2":{"start":{"line":5,"column":6},"end":{"line":11,"column":12}},"3":{"start":{"line":15,"column":16},"end":{"line":23,"column":1}},"4":{"start":{"line":16,"column":2},"end":{"line":22,"column":7}},"5":{"start":{"line":19,"column":6},"end":{"line":21,"column":12}}},"fnMap":{"0":{"name":"(anonymous_0)","decl":{"start":{"line":1,"column":23},"end":{"line":1,"column":24}},"loc":{"start":{"line":1,"column":29},"end":{"line":13,"column":1}},"line":1},"1":{"name":"(anonymous_1)","decl":{"start":{"line":4,"column":9},"end":{"line":4,"column":10}},"loc":{"start":{"line":5,"column":6},"end":{"line":11,"column":12}},"line":5},"2":{"name":"(anonymous_2)","decl":{"start":{"line":15,"column":16},"end":{"line":15,"column":17}},"loc":{"start":{"line":15,"column":22},"end":{"line":23,"column":1}},"line":15},"3":{"name":"(anonymous_3)","decl":{"start":{"line":18,"column":9},"end":{"line":18,"column":10}},"loc":{"start":{"line":19,"column":6},"end":{"line":21,"column":12}},"line":19}},"branchMap":{},"s":{"0":1,"1":1,"2":4,"3":1,"4":1,"5":1},"f":{"0":1,"1":4,"2":1,"3":1},"b":{},"_coverageSchema":"1a1c01bbd47fc00a2c39e90264f33305004495a9","hash":"7683debcb18dd6e0ca57048a2925ba893a36c7d4"}
,"D:\\React Js\\Namaste React\\Cousre Code\\src\\components\\sum.js": {"path":"D:\\React Js\\Namaste React\\Cousre Code\\src\\components\\sum.js","statementMap":{"0":{"start":{"line":1,"column":19},"end":{"line":1,"column":34}},"1":{"start":{"line":1,"column":29},"end":{"line":1,"column":34}}},"fnMap":{"0":{"name":"(anonymous_0)","decl":{"start":{"line":1,"column":19},"end":{"line":1,"column":20}},"loc":{"start":{"line":1,"column":29},"end":{"line":1,"column":34}},"line":1}},"branchMap":{},"s":{"0":1,"1":1},"f":{"0":1},"b":{},"_coverageSchema":"1a1c01bbd47fc00a2c39e90264f33305004495a9","hash":"42e3358f955b46b7fe80b25922f97e20ba0abf2b"}
,"D:\\React Js\\Namaste React\\Cousre Code\\src\\mocks\\data.js": {"path":"D:\\React Js\\Namaste React\\Cousre Code\\src\\mocks\\data.js","statementMap":{"0":{"start":{"line":1,"column":31},"end":{"line":292,"column":1}}},"fnMap":{},"branchMap":{},"s":{"0":1},"f":{},"b":{},"_coverageSchema":"1a1c01bbd47fc00a2c39e90264f33305004495a9","hash":"667a06bf685e41c96808088800544d9ed0059fd9"}
,"D:\\React Js\\Namaste React\\Cousre Code\\src\\mocks\\dummyLogo.js": {"path":"D:\\React Js\\Namaste React\\Cousre Code\\src\\mocks\\dummyLogo.js","statementMap":{},"fnMap":{},"branchMap":{},"s":{},"f":{},"b":{},"_coverageSchema":"1a1c01bbd47fc00a2c39e90264f33305004495a9","hash":"6150880fe79b6c846954e503823104a5683abe7c"}
,"D:\\React Js\\Namaste React\\Cousre Code\\src\\utils\\store.js": {"path":"D:\\React Js\\Namaste React\\Cousre Code\\src\\utils\\store.js","statementMap":{"0":{"start":{"line":4,"column":14},"end":{"line":8,"column":2}}},"fnMap":{},"branchMap":{},"s":{"0":2},"f":{},"b":{},"_coverageSchema":"1a1c01bbd47fc00a2c39e90264f33305004495a9","hash":"8765496b108bb321f402dab9bc9d4b73d6f087a9"}
}
