TN:
SF:src\components\Body.js
FN:25,(anonymous_0)
FN:37,(anonymous_1)
FN:42,getRestaurants
FN:107,(anonymous_3)
FN:112,(anonymous_4)
FN:125,(anonymous_5)
FN:132,(anonymous_6)
FNF:7
FNH:3
FNDA:2,(anonymous_0)
FNDA:1,(anonymous_1)
FNDA:1,getRestaurants
FNDA:0,(anonymous_3)
FNDA:0,(anonymous_4)
FNDA:0,(anonymous_5)
FNDA:0,(anonymous_6)
DA:25,1
DA:26,2
DA:27,1
DA:29,1
DA:30,1
DA:37,1
DA:39,1
DA:43,1
DA:49,1
DA:63,1
DA:70,0
DA:74,0
DA:78,1
DA:79,1
DA:89,1
DA:90,1
DA:91,0
DA:93,1
DA:97,1
DA:107,0
DA:115,0
DA:117,0
DA:125,0
DA:133,0
DA:134,0
LF:25
LH:16
BRDA:63,0,0,0
BRDA:63,0,1,1
BRDA:90,1,0,0
BRDA:90,1,1,1
BRDA:93,2,0,0
BRDA:93,2,1,1
BRDA:97,3,0,1
BRDA:97,3,1,0
BRDA:129,4,0,0
BRDA:129,4,1,0
BRF:10
BRH:4
end_of_record
TN:
SF:src\components\Header.js
FN:12,(anonymous_0)
FN:23,(anonymous_1)
FN:27,(anonymous_2)
FN:61,(anonymous_3)
FN:69,(anonymous_4)
FNF:5
FNH:3
FNDA:2,(anonymous_0)
FNDA:2,(anonymous_1)
FNDA:4,(anonymous_2)
FNDA:0,(anonymous_3)
FNDA:0,(anonymous_4)
DA:12,1
DA:13,2
DA:23,1
DA:24,2
DA:25,2
DA:27,4
DA:29,2
DA:61,0
DA:69,0
LF:9
LH:7
BRDA:57,0,0,0
BRDA:57,0,1,2
BRF:2
BRH:1
end_of_record
TN:
SF:src\components\RestaurantCard.js
FN:4,(anonymous_0)
FNF:1
FNH:0
FNDA:0,(anonymous_0)
DA:4,1
DA:11,0
LF:2
LH:1
BRDA:22,0,0,0
BRDA:22,0,1,0
BRF:2
BRH:0
end_of_record
TN:
SF:src\components\shimmer.js
FN:1,(anonymous_0)
FN:4,(anonymous_1)
FN:15,(anonymous_2)
FN:18,(anonymous_3)
FNF:4
FNH:4
FNDA:1,(anonymous_0)
FNDA:4,(anonymous_1)
FNDA:1,(anonymous_2)
FNDA:1,(anonymous_3)
DA:1,1
DA:2,1
DA:5,4
DA:15,1
DA:16,1
DA:19,1
LF:6
LH:6
BRF:0
BRH:0
end_of_record
TN:
SF:src\components\sum.js
FN:1,(anonymous_0)
FNF:1
FNH:1
FNDA:1,(anonymous_0)
DA:1,1
LF:1
LH:1
BRF:0
BRH:0
end_of_record
TN:
SF:src\mocks\data.js
FNF:0
FNH:0
DA:1,1
LF:1
LH:1
BRF:0
BRH:0
end_of_record
TN:
SF:src\mocks\dummyLogo.js
FNF:0
FNH:0
LF:0
LH:0
BRF:0
BRH:0
end_of_record
TN:
SF:src\utils\store.js
FNF:0
FNH:0
DA:4,2
LF:1
LH:1
BRF:0
BRH:0
end_of_record
